2025-05-20 15:04:50 - Entering download()
2025-05-20 15:04:50 - Disabling multithreading because DEBUG logging enabled
2025-05-20 15:04:50 -  Entering history()
2025-05-20 15:04:50 - ('CREATE TABLE IF NOT EXISTS "_kv" ("key" VARCHAR(255) NOT NULL PRIMARY KEY, "value" VARCHAR(255)) WITHOUT ROWID', [])
2025-05-20 15:04:50 - ('SELECT "t1"."key", "t1"."value" FROM "_kv" AS "t1" WHERE ("t1"."key" = ?) LIMIT ? OFFSET ?', ['GC=F', 1, 0])
2025-05-20 15:04:50 -   Entering history()
2025-05-20 15:04:50 - GC=F: Yahoo GET parameters: {'range': '1mo', 'interval': '1m', 'includePrePost': False, 'events': 'div,splits,capitalGains'}
2025-05-20 15:04:50 -    Entering get()
2025-05-20 15:04:50 -     Entering _make_request()
2025-05-20 15:04:50 - url=https://query2.finance.yahoo.com/v8/finance/chart/GC=F
2025-05-20 15:04:50 - params={'range': '1mo', 'interval': '1m', 'includePrePost': False, 'events': 'div,splits,capitalGains'}
2025-05-20 15:04:50 -      Entering _get_cookie_and_crumb()
2025-05-20 15:04:50 - cookie_mode = 'basic'
2025-05-20 15:04:50 -       Entering _get_cookie_and_crumb_basic()
2025-05-20 15:04:50 -        Entering _get_cookie_basic()
2025-05-20 15:04:50 -         Entering _load_cookie_curlCffi()
2025-05-20 15:04:50 - ('CREATE TABLE IF NOT EXISTS "_cookieschema" ("strategy" VARCHAR(255) NOT NULL PRIMARY KEY, "fetch_date" DATETIME NOT NULL, "cookie_bytes" BLOB NOT NULL) WITHOUT ROWID', [])
2025-05-20 15:04:50 - ('SELECT "t1"."strategy", "t1"."fetch_date", "t1"."cookie_bytes" FROM "_cookieschema" AS "t1" WHERE ("t1"."strategy" = ?) LIMIT ? OFFSET ?', ['curlCffi', 1, 0])
2025-05-20 15:04:50 -         Exiting _load_cookie_curlCffi()
2025-05-20 15:04:50 - reusing persistent cookie
2025-05-20 15:04:50 -        Exiting _get_cookie_basic()
2025-05-20 15:04:50 -        Entering _get_crumb_basic()
2025-05-20 15:04:50 -         Entering _get_cookie_basic()
2025-05-20 15:04:50 - reusing cookie
2025-05-20 15:04:50 -         Exiting _get_cookie_basic()
2025-05-20 15:04:51 - crumb = '/JAcz600C2C'
2025-05-20 15:04:51 -        Exiting _get_crumb_basic()
2025-05-20 15:04:51 -       Exiting _get_cookie_and_crumb_basic()
2025-05-20 15:04:51 -      Exiting _get_cookie_and_crumb()
2025-05-20 15:04:52 - response code=422
2025-05-20 15:04:52 - toggling cookie strategy basic -> csrf
2025-05-20 15:04:52 -      Entering _get_cookie_and_crumb()
2025-05-20 15:04:52 - cookie_mode = 'csrf'
2025-05-20 15:04:52 -       Entering _get_crumb_csrf()
2025-05-20 15:04:52 -        Entering _get_cookie_csrf()
2025-05-20 15:04:52 -         Entering _load_cookie_curlCffi()
2025-05-20 15:04:52 - ('SELECT "t1"."strategy", "t1"."fetch_date", "t1"."cookie_bytes" FROM "_cookieschema" AS "t1" WHERE ("t1"."strategy" = ?) LIMIT ? OFFSET ?', ['curlCffi', 1, 0])
2025-05-20 15:04:52 -         Exiting _load_cookie_curlCffi()
2025-05-20 15:04:52 - reusing persistent cookie
2025-05-20 15:04:52 -        Exiting _get_cookie_csrf()
2025-05-20 15:04:52 - crumb = '/JAcz600C2C'
2025-05-20 15:04:52 -       Exiting _get_crumb_csrf()
2025-05-20 15:04:52 -      Exiting _get_cookie_and_crumb()
2025-05-20 15:04:52 - response code=422
2025-05-20 15:04:52 -     Exiting _make_request()
2025-05-20 15:04:52 -    Exiting get()
2025-05-20 15:04:52 - 
1 Failed download:
2025-05-20 15:04:52 - ['GC=F']: YFPricesMissingError('possibly delisted; no price data found  (period=1mo) (Yahoo error = "1m data not available for startTime=1745055296 and endTime=1747733696. Only 8 days worth of 1m granularity data are allowed to be fetched per request.")')
2025-05-20 15:04:52 - ['GC=F']: Traceback (most recent call last):
  File "c:\learn_summer\.venv\Lib\site-packages\yfinance\multi.py", line 280, in _download_one
    data = Ticker(ticker).history(
           ^^^^^^^^^^^^^^^^^^^^^^^
  File "c:\learn_summer\.venv\Lib\site-packages\yfinance\utils.py", line 99, in wrapper
    result = func(*args, **kwargs)
             ^^^^^^^^^^^^^^^^^^^^^
  File "c:\learn_summer\.venv\Lib\site-packages\yfinance\base.py", line 96, in history
    return self._lazy_load_price_history().history(*args, **kwargs)
           ^^^^^^^^^^^^^^^^^^^^^^^^^^^^^^^^^^^^^^^^^^^^^^^^^^^^^^^^
  File "c:\learn_summer\.venv\Lib\site-packages\yfinance\utils.py", line 99, in wrapper
    result = func(*args, **kwargs)
             ^^^^^^^^^^^^^^^^^^^^^
  File "c:\learn_summer\.venv\Lib\site-packages\yfinance\scrapers\history.py", line 248, in history
    raise _exception
yfinance.exceptions.YFPricesMissingError: possibly delisted; no price data found  (period=1mo) (Yahoo error = "1m data not available for startTime=1745055296 and endTime=1747733696. Only 8 days worth of 1m granularity data are allowed to be fetched per request.")

2025-05-20 15:04:52 - Exiting download()
2025-05-20 15:04:52 - Attempt 1/5 for GC=F: Empty historical data
2025-05-20 15:04:52 - Attempt 1/5 for GC=F: Failed to fetch historical data: name 'time' is not defined
2025-05-20 15:05:15 - Entering download()
2025-05-20 15:05:15 - Disabling multithreading because DEBUG logging enabled
2025-05-20 15:05:15 -  Entering history()
2025-05-20 15:05:15 - ('CREATE TABLE IF NOT EXISTS "_kv" ("key" VARCHAR(255) NOT NULL PRIMARY KEY, "value" VARCHAR(255)) WITHOUT ROWID', [])
2025-05-20 15:05:15 - ('SELECT "t1"."key", "t1"."value" FROM "_kv" AS "t1" WHERE ("t1"."key" = ?) LIMIT ? OFFSET ?', ['GC=F', 1, 0])
2025-05-20 15:05:16 -   Entering history()
2025-05-20 15:05:16 - GC=F: Yahoo GET parameters: {'range': '1mo', 'interval': '1m', 'includePrePost': False, 'events': 'div,splits,capitalGains'}
2025-05-20 15:05:16 -    Entering get()
2025-05-20 15:05:16 -     Entering _make_request()
2025-05-20 15:05:16 - url=https://query2.finance.yahoo.com/v8/finance/chart/GC=F
2025-05-20 15:05:16 - params={'range': '1mo', 'interval': '1m', 'includePrePost': False, 'events': 'div,splits,capitalGains'}
2025-05-20 15:05:16 -      Entering _get_cookie_and_crumb()
2025-05-20 15:05:16 - cookie_mode = 'basic'
2025-05-20 15:05:16 -       Entering _get_cookie_and_crumb_basic()
2025-05-20 15:05:16 -        Entering _get_cookie_basic()
2025-05-20 15:05:16 -         Entering _load_cookie_curlCffi()
2025-05-20 15:05:16 - ('CREATE TABLE IF NOT EXISTS "_cookieschema" ("strategy" VARCHAR(255) NOT NULL PRIMARY KEY, "fetch_date" DATETIME NOT NULL, "cookie_bytes" BLOB NOT NULL) WITHOUT ROWID', [])
2025-05-20 15:05:16 - ('SELECT "t1"."strategy", "t1"."fetch_date", "t1"."cookie_bytes" FROM "_cookieschema" AS "t1" WHERE ("t1"."strategy" = ?) LIMIT ? OFFSET ?', ['curlCffi', 1, 0])
2025-05-20 15:05:16 -         Exiting _load_cookie_curlCffi()
2025-05-20 15:05:16 - reusing persistent cookie
2025-05-20 15:05:16 -        Exiting _get_cookie_basic()
2025-05-20 15:05:16 -        Entering _get_crumb_basic()
2025-05-20 15:05:16 -         Entering _get_cookie_basic()
2025-05-20 15:05:16 - reusing cookie
2025-05-20 15:05:16 -         Exiting _get_cookie_basic()
2025-05-20 15:05:16 - crumb = '/JAcz600C2C'
2025-05-20 15:05:16 -        Exiting _get_crumb_basic()
2025-05-20 15:05:16 -       Exiting _get_cookie_and_crumb_basic()
2025-05-20 15:05:16 -      Exiting _get_cookie_and_crumb()
2025-05-20 15:05:16 - response code=422
2025-05-20 15:05:16 - toggling cookie strategy basic -> csrf
2025-05-20 15:05:16 -      Entering _get_cookie_and_crumb()
2025-05-20 15:05:16 - cookie_mode = 'csrf'
2025-05-20 15:05:16 -       Entering _get_crumb_csrf()
2025-05-20 15:05:16 -        Entering _get_cookie_csrf()
2025-05-20 15:05:16 -         Entering _load_cookie_curlCffi()
2025-05-20 15:05:16 - ('SELECT "t1"."strategy", "t1"."fetch_date", "t1"."cookie_bytes" FROM "_cookieschema" AS "t1" WHERE ("t1"."strategy" = ?) LIMIT ? OFFSET ?', ['curlCffi', 1, 0])
2025-05-20 15:05:16 -         Exiting _load_cookie_curlCffi()
2025-05-20 15:05:16 - reusing persistent cookie
2025-05-20 15:05:16 -        Exiting _get_cookie_csrf()
2025-05-20 15:05:16 - crumb = '/JAcz600C2C'
2025-05-20 15:05:16 -       Exiting _get_crumb_csrf()
2025-05-20 15:05:16 -      Exiting _get_cookie_and_crumb()
2025-05-20 15:05:16 - response code=422
2025-05-20 15:05:16 -     Exiting _make_request()
2025-05-20 15:05:16 -    Exiting get()
2025-05-20 15:05:16 - 
1 Failed download:
2025-05-20 15:05:16 - ['GC=F']: YFPricesMissingError('possibly delisted; no price data found  (period=1mo) (Yahoo error = "1m data not available for startTime=1745055320 and endTime=1747733720. Only 8 days worth of 1m granularity data are allowed to be fetched per request.")')
2025-05-20 15:05:16 - ['GC=F']: Traceback (most recent call last):
  File "c:\learn_summer\.venv\Lib\site-packages\yfinance\multi.py", line 280, in _download_one
    data = Ticker(ticker).history(
           ^^^^^^^^^^^^^^^^^^^^^^^
  File "c:\learn_summer\.venv\Lib\site-packages\yfinance\utils.py", line 99, in wrapper
    result = func(*args, **kwargs)
             ^^^^^^^^^^^^^^^^^^^^^
  File "c:\learn_summer\.venv\Lib\site-packages\yfinance\base.py", line 96, in history
    return self._lazy_load_price_history().history(*args, **kwargs)
           ^^^^^^^^^^^^^^^^^^^^^^^^^^^^^^^^^^^^^^^^^^^^^^^^^^^^^^^^
  File "c:\learn_summer\.venv\Lib\site-packages\yfinance\utils.py", line 99, in wrapper
    result = func(*args, **kwargs)
             ^^^^^^^^^^^^^^^^^^^^^
  File "c:\learn_summer\.venv\Lib\site-packages\yfinance\scrapers\history.py", line 248, in history
    raise _exception
yfinance.exceptions.YFPricesMissingError: possibly delisted; no price data found  (period=1mo) (Yahoo error = "1m data not available for startTime=1745055320 and endTime=1747733720. Only 8 days worth of 1m granularity data are allowed to be fetched per request.")

2025-05-20 15:05:16 - Exiting download()
2025-05-20 15:05:16 - Attempt 1/5 for GC=F: Empty historical data
2025-05-20 15:05:16 - Attempt 1/5 for GC=F: Failed to fetch historical data: name 'time' is not defined
2025-05-20 15:06:28 - Entering download()
2025-05-20 15:06:28 - Disabling multithreading because DEBUG logging enabled
2025-05-20 15:06:28 -  Entering history()
2025-05-20 15:06:28 - ('CREATE TABLE IF NOT EXISTS "_kv" ("key" VARCHAR(255) NOT NULL PRIMARY KEY, "value" VARCHAR(255)) WITHOUT ROWID', [])
2025-05-20 15:06:28 - ('SELECT "t1"."key", "t1"."value" FROM "_kv" AS "t1" WHERE ("t1"."key" = ?) LIMIT ? OFFSET ?', ['GC=F', 1, 0])
2025-05-20 15:06:28 -   Entering history()
2025-05-20 15:06:28 - GC=F: Yahoo GET parameters: {'range': '1mo', 'interval': '1m', 'includePrePost': False, 'events': 'div,splits,capitalGains'}
2025-05-20 15:06:28 -    Entering get()
2025-05-20 15:06:28 -     Entering _make_request()
2025-05-20 15:06:28 - url=https://query2.finance.yahoo.com/v8/finance/chart/GC=F
2025-05-20 15:06:28 - params={'range': '1mo', 'interval': '1m', 'includePrePost': False, 'events': 'div,splits,capitalGains'}
2025-05-20 15:06:28 -      Entering _get_cookie_and_crumb()
2025-05-20 15:06:28 - cookie_mode = 'basic'
2025-05-20 15:06:28 -       Entering _get_cookie_and_crumb_basic()
2025-05-20 15:06:28 -        Entering _get_cookie_basic()
2025-05-20 15:06:28 -         Entering _load_cookie_curlCffi()
2025-05-20 15:06:28 - ('CREATE TABLE IF NOT EXISTS "_cookieschema" ("strategy" VARCHAR(255) NOT NULL PRIMARY KEY, "fetch_date" DATETIME NOT NULL, "cookie_bytes" BLOB NOT NULL) WITHOUT ROWID', [])
2025-05-20 15:06:28 - ('SELECT "t1"."strategy", "t1"."fetch_date", "t1"."cookie_bytes" FROM "_cookieschema" AS "t1" WHERE ("t1"."strategy" = ?) LIMIT ? OFFSET ?', ['curlCffi', 1, 0])
2025-05-20 15:06:28 -         Exiting _load_cookie_curlCffi()
2025-05-20 15:06:28 - reusing persistent cookie
2025-05-20 15:06:28 -        Exiting _get_cookie_basic()
2025-05-20 15:06:28 -        Entering _get_crumb_basic()
2025-05-20 15:06:28 -         Entering _get_cookie_basic()
2025-05-20 15:06:28 - reusing cookie
2025-05-20 15:06:28 -         Exiting _get_cookie_basic()
2025-05-20 15:06:28 - crumb = '/JAcz600C2C'
2025-05-20 15:06:28 -        Exiting _get_crumb_basic()
2025-05-20 15:06:28 -       Exiting _get_cookie_and_crumb_basic()
2025-05-20 15:06:28 -      Exiting _get_cookie_and_crumb()
2025-05-20 15:06:28 - response code=422
2025-05-20 15:06:28 - toggling cookie strategy basic -> csrf
2025-05-20 15:06:28 -      Entering _get_cookie_and_crumb()
2025-05-20 15:06:28 - cookie_mode = 'csrf'
2025-05-20 15:06:28 -       Entering _get_crumb_csrf()
2025-05-20 15:06:28 -        Entering _get_cookie_csrf()
2025-05-20 15:06:28 -         Entering _load_cookie_curlCffi()
2025-05-20 15:06:28 - ('SELECT "t1"."strategy", "t1"."fetch_date", "t1"."cookie_bytes" FROM "_cookieschema" AS "t1" WHERE ("t1"."strategy" = ?) LIMIT ? OFFSET ?', ['curlCffi', 1, 0])
2025-05-20 15:06:28 -         Exiting _load_cookie_curlCffi()
2025-05-20 15:06:28 - reusing persistent cookie
2025-05-20 15:06:28 -        Exiting _get_cookie_csrf()
2025-05-20 15:06:28 - crumb = '/JAcz600C2C'
2025-05-20 15:06:28 -       Exiting _get_crumb_csrf()
2025-05-20 15:06:28 -      Exiting _get_cookie_and_crumb()
2025-05-20 15:06:29 - response code=422
2025-05-20 15:06:29 -     Exiting _make_request()
2025-05-20 15:06:29 -    Exiting get()
2025-05-20 15:06:29 - 
1 Failed download:
2025-05-20 15:06:29 - ['GC=F']: YFPricesMissingError('possibly delisted; no price data found  (period=1mo) (Yahoo error = "1m data not available for startTime=1745055393 and endTime=1747733793. Only 8 days worth of 1m granularity data are allowed to be fetched per request.")')
2025-05-20 15:06:29 - ['GC=F']: Traceback (most recent call last):
  File "c:\learn_summer\.venv\Lib\site-packages\yfinance\multi.py", line 280, in _download_one
    data = Ticker(ticker).history(
           ^^^^^^^^^^^^^^^^^^^^^^^
  File "c:\learn_summer\.venv\Lib\site-packages\yfinance\utils.py", line 99, in wrapper
    result = func(*args, **kwargs)
             ^^^^^^^^^^^^^^^^^^^^^
  File "c:\learn_summer\.venv\Lib\site-packages\yfinance\base.py", line 96, in history
    return self._lazy_load_price_history().history(*args, **kwargs)
           ^^^^^^^^^^^^^^^^^^^^^^^^^^^^^^^^^^^^^^^^^^^^^^^^^^^^^^^^
  File "c:\learn_summer\.venv\Lib\site-packages\yfinance\utils.py", line 99, in wrapper
    result = func(*args, **kwargs)
             ^^^^^^^^^^^^^^^^^^^^^
  File "c:\learn_summer\.venv\Lib\site-packages\yfinance\scrapers\history.py", line 248, in history
    raise _exception
yfinance.exceptions.YFPricesMissingError: possibly delisted; no price data found  (period=1mo) (Yahoo error = "1m data not available for startTime=1745055393 and endTime=1747733793. Only 8 days worth of 1m granularity data are allowed to be fetched per request.")

2025-05-20 15:06:29 - Exiting download()
2025-05-20 15:06:29 - Attempt 1/5 for GC=F: Empty historical data
2025-05-20 15:06:29 - Attempt 1/5 for GC=F: Failed to fetch historical data: name 'time' is not defined
2025-05-20 15:08:23 - Entering download()
2025-05-20 15:08:23 - Disabling multithreading because DEBUG logging enabled
2025-05-20 15:08:23 -  Entering history()
2025-05-20 15:08:23 - ('CREATE TABLE IF NOT EXISTS "_kv" ("key" VARCHAR(255) NOT NULL PRIMARY KEY, "value" VARCHAR(255)) WITHOUT ROWID', [])
2025-05-20 15:08:23 - ('SELECT "t1"."key", "t1"."value" FROM "_kv" AS "t1" WHERE ("t1"."key" = ?) LIMIT ? OFFSET ?', ['GC=F', 1, 0])
2025-05-20 15:08:23 -   Entering history()
2025-05-20 15:08:23 - GC=F: Yahoo GET parameters: {'range': '1mo', 'interval': '1m', 'includePrePost': False, 'events': 'div,splits,capitalGains'}
2025-05-20 15:08:23 -    Entering get()
2025-05-20 15:08:23 -     Entering _make_request()
2025-05-20 15:08:23 - url=https://query2.finance.yahoo.com/v8/finance/chart/GC=F
2025-05-20 15:08:23 - params={'range': '1mo', 'interval': '1m', 'includePrePost': False, 'events': 'div,splits,capitalGains'}
2025-05-20 15:08:23 -      Entering _get_cookie_and_crumb()
2025-05-20 15:08:23 - cookie_mode = 'basic'
2025-05-20 15:08:23 -       Entering _get_cookie_and_crumb_basic()
2025-05-20 15:08:23 -        Entering _get_cookie_basic()
2025-05-20 15:08:23 -         Entering _load_cookie_curlCffi()
2025-05-20 15:08:23 - ('CREATE TABLE IF NOT EXISTS "_cookieschema" ("strategy" VARCHAR(255) NOT NULL PRIMARY KEY, "fetch_date" DATETIME NOT NULL, "cookie_bytes" BLOB NOT NULL) WITHOUT ROWID', [])
2025-05-20 15:08:23 - ('SELECT "t1"."strategy", "t1"."fetch_date", "t1"."cookie_bytes" FROM "_cookieschema" AS "t1" WHERE ("t1"."strategy" = ?) LIMIT ? OFFSET ?', ['curlCffi', 1, 0])
2025-05-20 15:08:23 -         Exiting _load_cookie_curlCffi()
2025-05-20 15:08:23 - reusing persistent cookie
2025-05-20 15:08:23 -        Exiting _get_cookie_basic()
2025-05-20 15:08:23 -        Entering _get_crumb_basic()
2025-05-20 15:08:23 -         Entering _get_cookie_basic()
2025-05-20 15:08:23 - reusing cookie
2025-05-20 15:08:23 -         Exiting _get_cookie_basic()
2025-05-20 15:08:24 - crumb = '/JAcz600C2C'
2025-05-20 15:08:24 -        Exiting _get_crumb_basic()
2025-05-20 15:08:24 -       Exiting _get_cookie_and_crumb_basic()
2025-05-20 15:08:24 -      Exiting _get_cookie_and_crumb()
2025-05-20 15:08:24 - response code=422
2025-05-20 15:08:24 - toggling cookie strategy basic -> csrf
2025-05-20 15:08:24 -      Entering _get_cookie_and_crumb()
2025-05-20 15:08:24 - cookie_mode = 'csrf'
2025-05-20 15:08:24 -       Entering _get_crumb_csrf()
2025-05-20 15:08:24 -        Entering _get_cookie_csrf()
2025-05-20 15:08:24 -         Entering _load_cookie_curlCffi()
2025-05-20 15:08:24 - ('SELECT "t1"."strategy", "t1"."fetch_date", "t1"."cookie_bytes" FROM "_cookieschema" AS "t1" WHERE ("t1"."strategy" = ?) LIMIT ? OFFSET ?', ['curlCffi', 1, 0])
2025-05-20 15:08:24 -         Exiting _load_cookie_curlCffi()
2025-05-20 15:08:24 - reusing persistent cookie
2025-05-20 15:08:24 -        Exiting _get_cookie_csrf()
2025-05-20 15:08:24 - crumb = '/JAcz600C2C'
2025-05-20 15:08:24 -       Exiting _get_crumb_csrf()
2025-05-20 15:08:24 -      Exiting _get_cookie_and_crumb()
2025-05-20 15:08:24 - response code=422
2025-05-20 15:08:24 -     Exiting _make_request()
2025-05-20 15:08:24 -    Exiting get()
2025-05-20 15:08:24 - 
1 Failed download:
2025-05-20 15:08:24 - ['GC=F']: YFPricesMissingError('possibly delisted; no price data found  (period=1mo) (Yahoo error = "1m data not available for startTime=1745055508 and endTime=1747733908. Only 8 days worth of 1m granularity data are allowed to be fetched per request.")')
2025-05-20 15:08:24 - ['GC=F']: Traceback (most recent call last):
  File "c:\learn_summer\.venv\Lib\site-packages\yfinance\multi.py", line 280, in _download_one
    data = Ticker(ticker).history(
           ^^^^^^^^^^^^^^^^^^^^^^^
  File "c:\learn_summer\.venv\Lib\site-packages\yfinance\utils.py", line 99, in wrapper
    result = func(*args, **kwargs)
             ^^^^^^^^^^^^^^^^^^^^^
  File "c:\learn_summer\.venv\Lib\site-packages\yfinance\base.py", line 96, in history
    return self._lazy_load_price_history().history(*args, **kwargs)
           ^^^^^^^^^^^^^^^^^^^^^^^^^^^^^^^^^^^^^^^^^^^^^^^^^^^^^^^^
  File "c:\learn_summer\.venv\Lib\site-packages\yfinance\utils.py", line 99, in wrapper
    result = func(*args, **kwargs)
             ^^^^^^^^^^^^^^^^^^^^^
  File "c:\learn_summer\.venv\Lib\site-packages\yfinance\scrapers\history.py", line 248, in history
    raise _exception
yfinance.exceptions.YFPricesMissingError: possibly delisted; no price data found  (period=1mo) (Yahoo error = "1m data not available for startTime=1745055508 and endTime=1747733908. Only 8 days worth of 1m granularity data are allowed to be fetched per request.")

2025-05-20 15:08:24 - Exiting download()
2025-05-20 15:08:24 - Attempt 1/5 for GC=F: Empty historical data
2025-05-20 15:08:39 - Entering download()
2025-05-20 15:08:39 - Disabling multithreading because DEBUG logging enabled
2025-05-20 15:08:39 -  Entering history()
2025-05-20 15:08:39 - ('SELECT "t1"."key", "t1"."value" FROM "_kv" AS "t1" WHERE ("t1"."key" = ?) LIMIT ? OFFSET ?', ['GC=F', 1, 0])
2025-05-20 15:08:39 -   Entering history()
2025-05-20 15:08:39 - GC=F: Yahoo GET parameters: {'range': '1mo', 'interval': '1m', 'includePrePost': False, 'events': 'div,splits,capitalGains'}
2025-05-20 15:08:39 -    Entering get()
2025-05-20 15:08:39 -     Entering _make_request()
2025-05-20 15:08:39 - url=https://query2.finance.yahoo.com/v8/finance/chart/GC=F
2025-05-20 15:08:39 - params={'range': '1mo', 'interval': '1m', 'includePrePost': False, 'events': 'div,splits,capitalGains'}
2025-05-20 15:08:39 -      Entering _get_cookie_and_crumb()
2025-05-20 15:08:39 - cookie_mode = 'csrf'
2025-05-20 15:08:39 -       Entering _get_crumb_csrf()
2025-05-20 15:08:39 - reusing crumb
2025-05-20 15:08:39 -       Exiting _get_crumb_csrf()
2025-05-20 15:08:39 -      Exiting _get_cookie_and_crumb()
2025-05-20 15:08:39 - response code=422
2025-05-20 15:08:39 - toggling cookie strategy csrf -> basic
2025-05-20 15:08:39 -      Entering _get_cookie_and_crumb()
2025-05-20 15:08:39 - cookie_mode = 'basic'
2025-05-20 15:08:39 -       Entering _get_cookie_and_crumb_basic()
2025-05-20 15:08:39 -        Entering _get_cookie_basic()
2025-05-20 15:08:39 -         Entering _load_cookie_curlCffi()
2025-05-20 15:08:39 - ('SELECT "t1"."strategy", "t1"."fetch_date", "t1"."cookie_bytes" FROM "_cookieschema" AS "t1" WHERE ("t1"."strategy" = ?) LIMIT ? OFFSET ?', ['curlCffi', 1, 0])
2025-05-20 15:08:39 -         Exiting _load_cookie_curlCffi()
2025-05-20 15:08:39 - reusing persistent cookie
2025-05-20 15:08:39 -        Exiting _get_cookie_basic()
2025-05-20 15:08:39 -        Entering _get_crumb_basic()
2025-05-20 15:08:39 -         Entering _get_cookie_basic()
2025-05-20 15:08:39 - reusing cookie
2025-05-20 15:08:39 -         Exiting _get_cookie_basic()
2025-05-20 15:08:40 - crumb = '/JAcz600C2C'
2025-05-20 15:08:40 -        Exiting _get_crumb_basic()
2025-05-20 15:08:40 -       Exiting _get_cookie_and_crumb_basic()
2025-05-20 15:08:40 -      Exiting _get_cookie_and_crumb()
2025-05-20 15:08:40 - response code=422
2025-05-20 15:08:40 -     Exiting _make_request()
2025-05-20 15:08:40 -    Exiting get()
2025-05-20 15:08:40 - 
1 Failed download:
2025-05-20 15:08:40 - ['GC=F']: YFPricesMissingError('possibly delisted; no price data found  (period=1mo) (Yahoo error = "1m data not available for startTime=1745055524 and endTime=1747733924. Only 8 days worth of 1m granularity data are allowed to be fetched per request.")')
2025-05-20 15:08:40 - ['GC=F']: Traceback (most recent call last):
  File "c:\learn_summer\.venv\Lib\site-packages\yfinance\multi.py", line 280, in _download_one
    data = Ticker(ticker).history(
           ^^^^^^^^^^^^^^^^^^^^^^^
  File "c:\learn_summer\.venv\Lib\site-packages\yfinance\utils.py", line 99, in wrapper
    result = func(*args, **kwargs)
             ^^^^^^^^^^^^^^^^^^^^^
  File "c:\learn_summer\.venv\Lib\site-packages\yfinance\base.py", line 96, in history
    return self._lazy_load_price_history().history(*args, **kwargs)
           ^^^^^^^^^^^^^^^^^^^^^^^^^^^^^^^^^^^^^^^^^^^^^^^^^^^^^^^^
  File "c:\learn_summer\.venv\Lib\site-packages\yfinance\utils.py", line 99, in wrapper
    result = func(*args, **kwargs)
             ^^^^^^^^^^^^^^^^^^^^^
  File "c:\learn_summer\.venv\Lib\site-packages\yfinance\scrapers\history.py", line 248, in history
    raise _exception
yfinance.exceptions.YFPricesMissingError: possibly delisted; no price data found  (period=1mo) (Yahoo error = "1m data not available for startTime=1745055524 and endTime=1747733924. Only 8 days worth of 1m granularity data are allowed to be fetched per request.")

2025-05-20 15:08:40 - Exiting download()
2025-05-20 15:08:40 - Attempt 2/5 for GC=F: Empty historical data
2025-05-20 15:09:10 - Entering download()
2025-05-20 15:09:10 - Disabling multithreading because DEBUG logging enabled
2025-05-20 15:09:10 -  Entering history()
2025-05-20 15:09:10 - ('SELECT "t1"."key", "t1"."value" FROM "_kv" AS "t1" WHERE ("t1"."key" = ?) LIMIT ? OFFSET ?', ['GC=F', 1, 0])
2025-05-20 15:09:10 -   Entering history()
2025-05-20 15:09:10 - GC=F: Yahoo GET parameters: {'range': '1mo', 'interval': '1m', 'includePrePost': False, 'events': 'div,splits,capitalGains'}
2025-05-20 15:09:10 -    Entering get()
2025-05-20 15:09:10 -     Entering _make_request()
2025-05-20 15:09:10 - url=https://query2.finance.yahoo.com/v8/finance/chart/GC=F
2025-05-20 15:09:10 - params={'range': '1mo', 'interval': '1m', 'includePrePost': False, 'events': 'div,splits,capitalGains'}
2025-05-20 15:09:10 -      Entering _get_cookie_and_crumb()
2025-05-20 15:09:10 - cookie_mode = 'basic'
2025-05-20 15:09:10 -       Entering _get_cookie_and_crumb_basic()
2025-05-20 15:09:10 -        Entering _get_cookie_basic()
2025-05-20 15:09:10 - reusing cookie
2025-05-20 15:09:10 -        Exiting _get_cookie_basic()
2025-05-20 15:09:10 -        Entering _get_crumb_basic()
2025-05-20 15:09:10 - reusing crumb
2025-05-20 15:09:10 -        Exiting _get_crumb_basic()
2025-05-20 15:09:10 -       Exiting _get_cookie_and_crumb_basic()
2025-05-20 15:09:10 -      Exiting _get_cookie_and_crumb()
2025-05-20 15:09:11 - response code=422
2025-05-20 15:09:11 - toggling cookie strategy basic -> csrf
2025-05-20 15:09:11 -      Entering _get_cookie_and_crumb()
2025-05-20 15:09:11 - cookie_mode = 'csrf'
2025-05-20 15:09:11 -       Entering _get_crumb_csrf()
2025-05-20 15:09:11 -        Entering _get_cookie_csrf()
2025-05-20 15:09:11 -         Entering _load_cookie_curlCffi()
2025-05-20 15:09:11 - ('SELECT "t1"."strategy", "t1"."fetch_date", "t1"."cookie_bytes" FROM "_cookieschema" AS "t1" WHERE ("t1"."strategy" = ?) LIMIT ? OFFSET ?', ['curlCffi', 1, 0])
2025-05-20 15:09:11 -         Exiting _load_cookie_curlCffi()
2025-05-20 15:09:11 - reusing persistent cookie
2025-05-20 15:09:11 -        Exiting _get_cookie_csrf()
2025-05-20 15:09:12 - crumb = '/JAcz600C2C'
2025-05-20 15:09:12 -       Exiting _get_crumb_csrf()
2025-05-20 15:09:12 -      Exiting _get_cookie_and_crumb()
2025-05-20 15:09:12 - response code=422
2025-05-20 15:09:12 -     Exiting _make_request()
2025-05-20 15:09:12 -    Exiting get()
2025-05-20 15:09:12 - 
1 Failed download:
2025-05-20 15:09:12 - ['GC=F']: YFPricesMissingError('possibly delisted; no price data found  (period=1mo) (Yahoo error = "1m data not available for startTime=1745055556 and endTime=1747733956. Only 8 days worth of 1m granularity data are allowed to be fetched per request.")')
2025-05-20 15:09:12 - ['GC=F']: Traceback (most recent call last):
  File "c:\learn_summer\.venv\Lib\site-packages\yfinance\multi.py", line 280, in _download_one
    data = Ticker(ticker).history(
           ^^^^^^^^^^^^^^^^^^^^^^^
  File "c:\learn_summer\.venv\Lib\site-packages\yfinance\utils.py", line 99, in wrapper
    result = func(*args, **kwargs)
             ^^^^^^^^^^^^^^^^^^^^^
  File "c:\learn_summer\.venv\Lib\site-packages\yfinance\base.py", line 96, in history
    return self._lazy_load_price_history().history(*args, **kwargs)
           ^^^^^^^^^^^^^^^^^^^^^^^^^^^^^^^^^^^^^^^^^^^^^^^^^^^^^^^^
  File "c:\learn_summer\.venv\Lib\site-packages\yfinance\utils.py", line 99, in wrapper
    result = func(*args, **kwargs)
             ^^^^^^^^^^^^^^^^^^^^^
  File "c:\learn_summer\.venv\Lib\site-packages\yfinance\scrapers\history.py", line 248, in history
    raise _exception
yfinance.exceptions.YFPricesMissingError: possibly delisted; no price data found  (period=1mo) (Yahoo error = "1m data not available for startTime=1745055556 and endTime=1747733956. Only 8 days worth of 1m granularity data are allowed to be fetched per request.")

2025-05-20 15:09:12 - Exiting download()
2025-05-20 15:09:12 - Attempt 3/5 for GC=F: Empty historical data
2025-05-20 15:10:12 - Entering download()
2025-05-20 15:10:12 - Disabling multithreading because DEBUG logging enabled
2025-05-20 15:10:12 -  Entering history()
2025-05-20 15:10:12 - ('SELECT "t1"."key", "t1"."value" FROM "_kv" AS "t1" WHERE ("t1"."key" = ?) LIMIT ? OFFSET ?', ['GC=F', 1, 0])
2025-05-20 15:10:12 -   Entering history()
2025-05-20 15:10:12 - GC=F: Yahoo GET parameters: {'range': '1mo', 'interval': '1m', 'includePrePost': False, 'events': 'div,splits,capitalGains'}
2025-05-20 15:10:12 -    Entering get()
2025-05-20 15:10:12 -     Entering _make_request()
2025-05-20 15:10:12 - url=https://query2.finance.yahoo.com/v8/finance/chart/GC=F
2025-05-20 15:10:12 - params={'range': '1mo', 'interval': '1m', 'includePrePost': False, 'events': 'div,splits,capitalGains'}
2025-05-20 15:10:12 -      Entering _get_cookie_and_crumb()
2025-05-20 15:10:12 - cookie_mode = 'csrf'
2025-05-20 15:10:12 -       Entering _get_crumb_csrf()
2025-05-20 15:10:12 - reusing crumb
2025-05-20 15:10:12 -       Exiting _get_crumb_csrf()
2025-05-20 15:10:12 -      Exiting _get_cookie_and_crumb()
2025-05-20 15:10:12 - response code=422
2025-05-20 15:10:12 - toggling cookie strategy csrf -> basic
2025-05-20 15:10:12 -      Entering _get_cookie_and_crumb()
2025-05-20 15:10:12 - cookie_mode = 'basic'
2025-05-20 15:10:12 -       Entering _get_cookie_and_crumb_basic()
2025-05-20 15:10:12 -        Entering _get_cookie_basic()
2025-05-20 15:10:12 -         Entering _load_cookie_curlCffi()
2025-05-20 15:10:12 - ('SELECT "t1"."strategy", "t1"."fetch_date", "t1"."cookie_bytes" FROM "_cookieschema" AS "t1" WHERE ("t1"."strategy" = ?) LIMIT ? OFFSET ?', ['curlCffi', 1, 0])
2025-05-20 15:10:12 -         Exiting _load_cookie_curlCffi()
2025-05-20 15:10:12 - reusing persistent cookie
2025-05-20 15:10:12 -        Exiting _get_cookie_basic()
2025-05-20 15:10:12 -        Entering _get_crumb_basic()
2025-05-20 15:10:12 -         Entering _get_cookie_basic()
2025-05-20 15:10:12 - reusing cookie
2025-05-20 15:10:12 -         Exiting _get_cookie_basic()
2025-05-20 15:10:13 - crumb = '/JAcz600C2C'
2025-05-20 15:10:13 -        Exiting _get_crumb_basic()
2025-05-20 15:10:13 -       Exiting _get_cookie_and_crumb_basic()
2025-05-20 15:10:13 -      Exiting _get_cookie_and_crumb()
2025-05-20 15:10:13 - response code=422
2025-05-20 15:10:13 -     Exiting _make_request()
2025-05-20 15:10:13 -    Exiting get()
2025-05-20 15:10:13 - 
1 Failed download:
2025-05-20 15:10:13 - ['GC=F']: YFPricesMissingError('possibly delisted; no price data found  (period=1mo) (Yahoo error = "1m data not available for startTime=1745055617 and endTime=1747734017. Only 8 days worth of 1m granularity data are allowed to be fetched per request.")')
2025-05-20 15:10:13 - ['GC=F']: Traceback (most recent call last):
  File "c:\learn_summer\.venv\Lib\site-packages\yfinance\multi.py", line 280, in _download_one
    data = Ticker(ticker).history(
           ^^^^^^^^^^^^^^^^^^^^^^^
  File "c:\learn_summer\.venv\Lib\site-packages\yfinance\utils.py", line 99, in wrapper
    result = func(*args, **kwargs)
             ^^^^^^^^^^^^^^^^^^^^^
  File "c:\learn_summer\.venv\Lib\site-packages\yfinance\base.py", line 96, in history
    return self._lazy_load_price_history().history(*args, **kwargs)
           ^^^^^^^^^^^^^^^^^^^^^^^^^^^^^^^^^^^^^^^^^^^^^^^^^^^^^^^^
  File "c:\learn_summer\.venv\Lib\site-packages\yfinance\utils.py", line 99, in wrapper
    result = func(*args, **kwargs)
             ^^^^^^^^^^^^^^^^^^^^^
  File "c:\learn_summer\.venv\Lib\site-packages\yfinance\scrapers\history.py", line 248, in history
    raise _exception
yfinance.exceptions.YFPricesMissingError: possibly delisted; no price data found  (period=1mo) (Yahoo error = "1m data not available for startTime=1745055617 and endTime=1747734017. Only 8 days worth of 1m granularity data are allowed to be fetched per request.")

2025-05-20 15:10:13 - Exiting download()
2025-05-20 15:10:13 - Attempt 4/5 for GC=F: Empty historical data
2025-05-20 15:12:13 - Entering download()
2025-05-20 15:12:13 - Disabling multithreading because DEBUG logging enabled
2025-05-20 15:12:13 -  Entering history()
2025-05-20 15:12:13 - ('SELECT "t1"."key", "t1"."value" FROM "_kv" AS "t1" WHERE ("t1"."key" = ?) LIMIT ? OFFSET ?', ['GC=F', 1, 0])
2025-05-20 15:12:13 -   Entering history()
2025-05-20 15:12:13 - GC=F: Yahoo GET parameters: {'range': '1mo', 'interval': '1m', 'includePrePost': False, 'events': 'div,splits,capitalGains'}
2025-05-20 15:12:13 -    Entering get()
2025-05-20 15:12:13 -     Entering _make_request()
2025-05-20 15:12:13 - url=https://query2.finance.yahoo.com/v8/finance/chart/GC=F
2025-05-20 15:12:13 - params={'range': '1mo', 'interval': '1m', 'includePrePost': False, 'events': 'div,splits,capitalGains'}
2025-05-20 15:12:13 -      Entering _get_cookie_and_crumb()
2025-05-20 15:12:13 - cookie_mode = 'basic'
2025-05-20 15:12:13 -       Entering _get_cookie_and_crumb_basic()
2025-05-20 15:12:13 -        Entering _get_cookie_basic()
2025-05-20 15:12:13 - reusing cookie
2025-05-20 15:12:13 -        Exiting _get_cookie_basic()
2025-05-20 15:12:13 -        Entering _get_crumb_basic()
2025-05-20 15:12:13 - reusing crumb
2025-05-20 15:12:13 -        Exiting _get_crumb_basic()
2025-05-20 15:12:13 -       Exiting _get_cookie_and_crumb_basic()
2025-05-20 15:12:13 -      Exiting _get_cookie_and_crumb()
2025-05-20 15:12:13 - response code=422
2025-05-20 15:12:13 - toggling cookie strategy basic -> csrf
2025-05-20 15:12:13 -      Entering _get_cookie_and_crumb()
2025-05-20 15:12:13 - cookie_mode = 'csrf'
2025-05-20 15:12:13 -       Entering _get_crumb_csrf()
2025-05-20 15:12:13 -        Entering _get_cookie_csrf()
2025-05-20 15:12:13 -         Entering _load_cookie_curlCffi()
2025-05-20 15:12:13 - ('SELECT "t1"."strategy", "t1"."fetch_date", "t1"."cookie_bytes" FROM "_cookieschema" AS "t1" WHERE ("t1"."strategy" = ?) LIMIT ? OFFSET ?', ['curlCffi', 1, 0])
2025-05-20 15:12:13 -         Exiting _load_cookie_curlCffi()
2025-05-20 15:12:13 - reusing persistent cookie
2025-05-20 15:12:13 -        Exiting _get_cookie_csrf()
2025-05-20 15:12:13 - crumb = '/JAcz600C2C'
2025-05-20 15:12:13 -       Exiting _get_crumb_csrf()
2025-05-20 15:12:13 -      Exiting _get_cookie_and_crumb()
2025-05-20 15:12:13 - response code=422
2025-05-20 15:12:13 -     Exiting _make_request()
2025-05-20 15:12:13 -    Exiting get()
2025-05-20 15:12:13 - 
1 Failed download:
2025-05-20 15:12:13 - ['GC=F']: YFPricesMissingError('possibly delisted; no price data found  (period=1mo) (Yahoo error = "1m data not available for startTime=1745055737 and endTime=1747734137. Only 8 days worth of 1m granularity data are allowed to be fetched per request.")')
2025-05-20 15:12:13 - ['GC=F']: Traceback (most recent call last):
  File "c:\learn_summer\.venv\Lib\site-packages\yfinance\multi.py", line 280, in _download_one
    data = Ticker(ticker).history(
           ^^^^^^^^^^^^^^^^^^^^^^^
  File "c:\learn_summer\.venv\Lib\site-packages\yfinance\utils.py", line 99, in wrapper
    result = func(*args, **kwargs)
             ^^^^^^^^^^^^^^^^^^^^^
  File "c:\learn_summer\.venv\Lib\site-packages\yfinance\base.py", line 96, in history
    return self._lazy_load_price_history().history(*args, **kwargs)
           ^^^^^^^^^^^^^^^^^^^^^^^^^^^^^^^^^^^^^^^^^^^^^^^^^^^^^^^^
  File "c:\learn_summer\.venv\Lib\site-packages\yfinance\utils.py", line 99, in wrapper
    result = func(*args, **kwargs)
             ^^^^^^^^^^^^^^^^^^^^^
  File "c:\learn_summer\.venv\Lib\site-packages\yfinance\scrapers\history.py", line 248, in history
    raise _exception
yfinance.exceptions.YFPricesMissingError: possibly delisted; no price data found  (period=1mo) (Yahoo error = "1m data not available for startTime=1745055737 and endTime=1747734137. Only 8 days worth of 1m granularity data are allowed to be fetched per request.")

2025-05-20 15:12:13 - Exiting download()
2025-05-20 15:12:13 - Attempt 5/5 for GC=F: Empty historical data
2025-05-20 15:12:13 - Entering download()
2025-05-20 15:12:13 - Disabling multithreading because DEBUG logging enabled
2025-05-20 15:12:13 -  Entering history()
2025-05-20 15:12:13 - ('SELECT "t1"."key", "t1"."value" FROM "_kv" AS "t1" WHERE ("t1"."key" = ?) LIMIT ? OFFSET ?', ['XAUUSD=X', 1, 0])
2025-05-20 15:12:13 -   Entering _fetch_ticker_tz()
2025-05-20 15:12:13 -    Entering get()
2025-05-20 15:12:13 -     Entering _make_request()
2025-05-20 15:12:13 - url=https://query2.finance.yahoo.com/v8/finance/chart/XAUUSD=X
2025-05-20 15:12:13 - params=frozendict.frozendict({'range': '1d', 'interval': '1d'})
2025-05-20 15:12:13 -      Entering _get_cookie_and_crumb()
2025-05-20 15:12:13 - cookie_mode = 'csrf'
2025-05-20 15:12:13 -       Entering _get_crumb_csrf()
2025-05-20 15:12:13 - reusing crumb
2025-05-20 15:12:13 -       Exiting _get_crumb_csrf()
2025-05-20 15:12:13 -      Exiting _get_cookie_and_crumb()
2025-05-20 15:12:13 - response code=404
2025-05-20 15:12:13 - toggling cookie strategy csrf -> basic
2025-05-20 15:12:13 -      Entering _get_cookie_and_crumb()
2025-05-20 15:12:13 - cookie_mode = 'basic'
2025-05-20 15:12:13 -       Entering _get_cookie_and_crumb_basic()
2025-05-20 15:12:13 -        Entering _get_cookie_basic()
2025-05-20 15:12:13 -         Entering _load_cookie_curlCffi()
2025-05-20 15:12:13 - ('SELECT "t1"."strategy", "t1"."fetch_date", "t1"."cookie_bytes" FROM "_cookieschema" AS "t1" WHERE ("t1"."strategy" = ?) LIMIT ? OFFSET ?', ['curlCffi', 1, 0])
2025-05-20 15:12:13 -         Exiting _load_cookie_curlCffi()
2025-05-20 15:12:13 - reusing persistent cookie
2025-05-20 15:12:13 -        Exiting _get_cookie_basic()
2025-05-20 15:12:13 -        Entering _get_crumb_basic()
2025-05-20 15:12:13 -         Entering _get_cookie_basic()
2025-05-20 15:12:13 - reusing cookie
2025-05-20 15:12:13 -         Exiting _get_cookie_basic()
2025-05-20 15:12:14 - crumb = '/JAcz600C2C'
2025-05-20 15:12:14 -        Exiting _get_crumb_basic()
2025-05-20 15:12:14 -       Exiting _get_cookie_and_crumb_basic()
2025-05-20 15:12:14 -      Exiting _get_cookie_and_crumb()
2025-05-20 15:12:15 - response code=404
2025-05-20 15:12:15 -     Exiting _make_request()
2025-05-20 15:12:15 -    Exiting get()
2025-05-20 15:12:15 - Got error from yahoo api for ticker XAUUSD=X, Error: {'code': 'Not Found', 'description': 'No data found, symbol may be delisted'}
2025-05-20 15:12:15 -   Exiting _fetch_ticker_tz()
2025-05-20 15:12:15 - get_raw_json(): https://query2.finance.yahoo.com/v10/finance/quoteSummary/XAUUSD=X
2025-05-20 15:12:15 -   Entering get()
2025-05-20 15:12:15 -    Entering _make_request()
2025-05-20 15:12:15 - url=https://query2.finance.yahoo.com/v10/finance/quoteSummary/XAUUSD=X
2025-05-20 15:12:15 - params={'modules': 'financialData,quoteType,defaultKeyStatistics,assetProfile,summaryDetail', 'corsDomain': 'finance.yahoo.com', 'formatted': 'false', 'symbol': 'XAUUSD=X'}
2025-05-20 15:12:15 -     Entering _get_cookie_and_crumb()
2025-05-20 15:12:15 - cookie_mode = 'basic'
2025-05-20 15:12:15 -      Entering _get_cookie_and_crumb_basic()
2025-05-20 15:12:15 -       Entering _get_cookie_basic()
2025-05-20 15:12:15 - reusing cookie
2025-05-20 15:12:15 -       Exiting _get_cookie_basic()
2025-05-20 15:12:15 -       Entering _get_crumb_basic()
2025-05-20 15:12:15 - reusing crumb
2025-05-20 15:12:15 -       Exiting _get_crumb_basic()
2025-05-20 15:12:15 -      Exiting _get_cookie_and_crumb_basic()
2025-05-20 15:12:15 -     Exiting _get_cookie_and_crumb()
2025-05-20 15:12:15 - response code=404
2025-05-20 15:12:15 - toggling cookie strategy basic -> csrf
2025-05-20 15:12:15 -     Entering _get_cookie_and_crumb()
2025-05-20 15:12:15 - cookie_mode = 'csrf'
2025-05-20 15:12:15 -      Entering _get_crumb_csrf()
2025-05-20 15:12:15 -       Entering _get_cookie_csrf()
2025-05-20 15:12:15 -        Entering _load_cookie_curlCffi()
2025-05-20 15:12:15 - ('SELECT "t1"."strategy", "t1"."fetch_date", "t1"."cookie_bytes" FROM "_cookieschema" AS "t1" WHERE ("t1"."strategy" = ?) LIMIT ? OFFSET ?', ['curlCffi', 1, 0])
2025-05-20 15:12:15 -        Exiting _load_cookie_curlCffi()
2025-05-20 15:12:15 - reusing persistent cookie
2025-05-20 15:12:15 -       Exiting _get_cookie_csrf()
2025-05-20 15:12:15 - crumb = '/JAcz600C2C'
2025-05-20 15:12:15 -      Exiting _get_crumb_csrf()
2025-05-20 15:12:15 -     Exiting _get_cookie_and_crumb()
2025-05-20 15:12:15 - response code=404
2025-05-20 15:12:15 -    Exiting _make_request()
2025-05-20 15:12:15 -   Exiting get()
2025-05-20 15:12:15 - 
1 Failed download:
2025-05-20 15:12:15 - ['XAUUSD=X']: HTTPError('HTTP Error 404: ')
2025-05-20 15:12:15 - ['XAUUSD=X']: Traceback (most recent call last):
  File "c:\learn_summer\.venv\Lib\site-packages\yfinance\multi.py", line 280, in _download_one
    data = Ticker(ticker).history(
           ^^^^^^^^^^^^^^^^^^^^^^^
  File "c:\learn_summer\.venv\Lib\site-packages\yfinance\utils.py", line 99, in wrapper
    result = func(*args, **kwargs)
             ^^^^^^^^^^^^^^^^^^^^^
  File "c:\learn_summer\.venv\Lib\site-packages\yfinance\base.py", line 96, in history
    return self._lazy_load_price_history().history(*args, **kwargs)
           ^^^^^^^^^^^^^^^^^^^^^^^^^^^^^^^
  File "c:\learn_summer\.venv\Lib\site-packages\yfinance\base.py", line 102, in _lazy_load_price_history
    self._price_history = PriceHistory(self._data, self.ticker, self._get_ticker_tz(timeout=10))
                                                                ^^^^^^^^^^^^^^^^^^^^^^^^^^^^^^^
  File "c:\learn_summer\.venv\Lib\site-packages\yfinance\base.py", line 127, in _get_ticker_tz
    if k in self.info:
            ^^^^^^^^^
  File "c:\learn_summer\.venv\Lib\site-packages\yfinance\ticker.py", line 159, in info
    return self.get_info()
           ^^^^^^^^^^^^^^^
  File "c:\learn_summer\.venv\Lib\site-packages\yfinance\base.py", line 293, in get_info
    data = self._quote.info
           ^^^^^^^^^^^^^^^^
  File "c:\learn_summer\.venv\Lib\site-packages\yfinance\scrapers\quote.py", line 511, in info
    self._fetch_info()
  File "c:\learn_summer\.venv\Lib\site-packages\yfinance\scrapers\quote.py", line 610, in _fetch_info
    result = self._fetch(modules=modules)
             ^^^^^^^^^^^^^^^^^^^^^^^^^^^^
  File "c:\learn_summer\.venv\Lib\site-packages\yfinance\scrapers\quote.py", line 590, in _fetch
    result = self._data.get_raw_json(_QUOTE_SUMMARY_URL_ + f"/{self._symbol}", params=params_dict)
             ^^^^^^^^^^^^^^^^^^^^^^^^^^^^^^^^^^^^^^^^^^^^^^^^^^^^^^^^^^^^^^^^^^^^^^^^^^^^^^^^^^^^^
  File "c:\learn_summer\.venv\Lib\site-packages\yfinance\data.py", line 425, in get_raw_json
    response.raise_for_status()
  File "c:\learn_summer\.venv\Lib\site-packages\curl_cffi\requests\models.py", line 167, in raise_for_status
    raise HTTPError(f"HTTP Error {self.status_code}: {self.reason}", 0, self)
curl_cffi.requests.exceptions.HTTPError: HTTP Error 404: 

2025-05-20 15:12:15 - Exiting download()
2025-05-20 15:12:15 - Attempt 1/5 for XAUUSD=X: Empty historical data
2025-05-20 15:12:30 - Entering download()
2025-05-20 15:12:30 - Disabling multithreading because DEBUG logging enabled
2025-05-20 15:12:30 -  Entering history()
2025-05-20 15:12:30 - ('SELECT "t1"."key", "t1"."value" FROM "_kv" AS "t1" WHERE ("t1"."key" = ?) LIMIT ? OFFSET ?', ['XAUUSD=X', 1, 0])
2025-05-20 15:12:30 -   Entering _fetch_ticker_tz()
2025-05-20 15:12:30 - Got error from yahoo api for ticker XAUUSD=X, Error: {'code': 'Not Found', 'description': 'No data found, symbol may be delisted'}
2025-05-20 15:12:30 -   Exiting _fetch_ticker_tz()
2025-05-20 15:12:30 - get_raw_json(): https://query2.finance.yahoo.com/v10/finance/quoteSummary/XAUUSD=X
2025-05-20 15:12:30 -   Entering get()
2025-05-20 15:12:30 -    Entering _make_request()
2025-05-20 15:12:30 - url=https://query2.finance.yahoo.com/v10/finance/quoteSummary/XAUUSD=X
2025-05-20 15:12:30 - params={'modules': 'financialData,quoteType,defaultKeyStatistics,assetProfile,summaryDetail', 'corsDomain': 'finance.yahoo.com', 'formatted': 'false', 'symbol': 'XAUUSD=X'}
2025-05-20 15:12:30 -     Entering _get_cookie_and_crumb()
2025-05-20 15:12:30 - cookie_mode = 'csrf'
2025-05-20 15:12:30 -      Entering _get_crumb_csrf()
2025-05-20 15:12:30 - reusing crumb
2025-05-20 15:12:30 -      Exiting _get_crumb_csrf()
2025-05-20 15:12:30 -     Exiting _get_cookie_and_crumb()
2025-05-20 15:12:30 - response code=401
2025-05-20 15:12:30 - toggling cookie strategy csrf -> basic
2025-05-20 15:12:30 -     Entering _get_cookie_and_crumb()
2025-05-20 15:12:30 - cookie_mode = 'basic'
2025-05-20 15:12:30 -      Entering _get_cookie_and_crumb_basic()
2025-05-20 15:12:30 -       Entering _get_cookie_basic()
2025-05-20 15:12:30 -        Entering _load_cookie_curlCffi()
2025-05-20 15:12:30 - ('SELECT "t1"."strategy", "t1"."fetch_date", "t1"."cookie_bytes" FROM "_cookieschema" AS "t1" WHERE ("t1"."strategy" = ?) LIMIT ? OFFSET ?', ['curlCffi', 1, 0])
2025-05-20 15:12:30 -        Exiting _load_cookie_curlCffi()
2025-05-20 15:12:30 - reusing persistent cookie
2025-05-20 15:12:30 -       Exiting _get_cookie_basic()
2025-05-20 15:12:30 -       Entering _get_crumb_basic()
2025-05-20 15:12:30 -        Entering _get_cookie_basic()
2025-05-20 15:12:30 - reusing cookie
2025-05-20 15:12:30 -        Exiting _get_cookie_basic()
2025-05-20 15:12:30 - crumb = '/JAcz600C2C'
2025-05-20 15:12:30 -       Exiting _get_crumb_basic()
2025-05-20 15:12:30 -      Exiting _get_cookie_and_crumb_basic()
2025-05-20 15:12:30 -     Exiting _get_cookie_and_crumb()
2025-05-20 15:12:30 - response code=404
2025-05-20 15:12:30 -    Exiting _make_request()
2025-05-20 15:12:30 -   Exiting get()
2025-05-20 15:12:30 - 
1 Failed download:
2025-05-20 15:12:30 - ['XAUUSD=X']: HTTPError('HTTP Error 404: ')
2025-05-20 15:12:30 - ['XAUUSD=X']: Traceback (most recent call last):
  File "c:\learn_summer\.venv\Lib\site-packages\yfinance\multi.py", line 280, in _download_one
    data = Ticker(ticker).history(
           ^^^^^^^^^^^^^^^^^^^^^^^
  File "c:\learn_summer\.venv\Lib\site-packages\yfinance\utils.py", line 99, in wrapper
    result = func(*args, **kwargs)
             ^^^^^^^^^^^^^^^^^^^^^
  File "c:\learn_summer\.venv\Lib\site-packages\yfinance\base.py", line 96, in history
    return self._lazy_load_price_history().history(*args, **kwargs)
           ^^^^^^^^^^^^^^^^^^^^^^^^^^^^^^^
  File "c:\learn_summer\.venv\Lib\site-packages\yfinance\base.py", line 102, in _lazy_load_price_history
    self._price_history = PriceHistory(self._data, self.ticker, self._get_ticker_tz(timeout=10))
                                                                ^^^^^^^^^^^^^^^^^^^^^^^^^^^^^^^
  File "c:\learn_summer\.venv\Lib\site-packages\yfinance\base.py", line 127, in _get_ticker_tz
    if k in self.info:
            ^^^^^^^^^
  File "c:\learn_summer\.venv\Lib\site-packages\yfinance\ticker.py", line 159, in info
    return self.get_info()
           ^^^^^^^^^^^^^^^
  File "c:\learn_summer\.venv\Lib\site-packages\yfinance\base.py", line 293, in get_info
    data = self._quote.info
           ^^^^^^^^^^^^^^^^
  File "c:\learn_summer\.venv\Lib\site-packages\yfinance\scrapers\quote.py", line 511, in info
    self._fetch_info()
  File "c:\learn_summer\.venv\Lib\site-packages\yfinance\scrapers\quote.py", line 610, in _fetch_info
    result = self._fetch(modules=modules)
             ^^^^^^^^^^^^^^^^^^^^^^^^^^^^
  File "c:\learn_summer\.venv\Lib\site-packages\yfinance\scrapers\quote.py", line 590, in _fetch
    result = self._data.get_raw_json(_QUOTE_SUMMARY_URL_ + f"/{self._symbol}", params=params_dict)
             ^^^^^^^^^^^^^^^^^^^^^^^^^^^^^^^^^^^^^^^^^^^^^^^^^^^^^^^^^^^^^^^^^^^^^^^^^^^^^^^^^^^^^
  File "c:\learn_summer\.venv\Lib\site-packages\yfinance\data.py", line 425, in get_raw_json
    response.raise_for_status()
  File "c:\learn_summer\.venv\Lib\site-packages\curl_cffi\requests\models.py", line 167, in raise_for_status
    raise HTTPError(f"HTTP Error {self.status_code}: {self.reason}", 0, self)
curl_cffi.requests.exceptions.HTTPError: HTTP Error 404: 

2025-05-20 15:12:30 - Exiting download()
2025-05-20 15:12:30 - Attempt 2/5 for XAUUSD=X: Empty historical data
2025-05-20 15:12:51 - Entering download()
2025-05-20 15:12:51 - Disabling multithreading because DEBUG logging enabled
2025-05-20 15:12:51 -  Entering history()
2025-05-20 15:12:51 - ('CREATE TABLE IF NOT EXISTS "_kv" ("key" VARCHAR(255) NOT NULL PRIMARY KEY, "value" VARCHAR(255)) WITHOUT ROWID', [])
2025-05-20 15:12:51 - ('SELECT "t1"."key", "t1"."value" FROM "_kv" AS "t1" WHERE ("t1"."key" = ?) LIMIT ? OFFSET ?', ['GC=F', 1, 0])
2025-05-20 15:12:51 -   Entering history()
2025-05-20 15:12:51 - GC=F: Yahoo GET parameters: {'range': '1mo', 'interval': '1m', 'includePrePost': False, 'events': 'div,splits,capitalGains'}
2025-05-20 15:12:51 -    Entering get()
2025-05-20 15:12:51 -     Entering _make_request()
2025-05-20 15:12:51 - url=https://query2.finance.yahoo.com/v8/finance/chart/GC=F
2025-05-20 15:12:51 - params={'range': '1mo', 'interval': '1m', 'includePrePost': False, 'events': 'div,splits,capitalGains'}
2025-05-20 15:12:51 -      Entering _get_cookie_and_crumb()
2025-05-20 15:12:51 - cookie_mode = 'basic'
2025-05-20 15:12:51 -       Entering _get_cookie_and_crumb_basic()
2025-05-20 15:12:51 -        Entering _get_cookie_basic()
2025-05-20 15:12:51 -         Entering _load_cookie_curlCffi()
2025-05-20 15:12:51 - ('CREATE TABLE IF NOT EXISTS "_cookieschema" ("strategy" VARCHAR(255) NOT NULL PRIMARY KEY, "fetch_date" DATETIME NOT NULL, "cookie_bytes" BLOB NOT NULL) WITHOUT ROWID', [])
2025-05-20 15:12:51 - ('SELECT "t1"."strategy", "t1"."fetch_date", "t1"."cookie_bytes" FROM "_cookieschema" AS "t1" WHERE ("t1"."strategy" = ?) LIMIT ? OFFSET ?', ['curlCffi', 1, 0])
2025-05-20 15:12:51 -         Exiting _load_cookie_curlCffi()
2025-05-20 15:12:51 - reusing persistent cookie
2025-05-20 15:12:51 -        Exiting _get_cookie_basic()
2025-05-20 15:12:51 -        Entering _get_crumb_basic()
2025-05-20 15:12:51 -         Entering _get_cookie_basic()
2025-05-20 15:12:51 - reusing cookie
2025-05-20 15:12:51 -         Exiting _get_cookie_basic()
2025-05-20 15:12:51 - crumb = '/JAcz600C2C'
2025-05-20 15:12:51 -        Exiting _get_crumb_basic()
2025-05-20 15:12:51 -       Exiting _get_cookie_and_crumb_basic()
2025-05-20 15:12:51 -      Exiting _get_cookie_and_crumb()
2025-05-20 15:12:52 - response code=422
2025-05-20 15:12:52 - toggling cookie strategy basic -> csrf
2025-05-20 15:12:52 -      Entering _get_cookie_and_crumb()
2025-05-20 15:12:52 - cookie_mode = 'csrf'
2025-05-20 15:12:52 -       Entering _get_crumb_csrf()
2025-05-20 15:12:52 -        Entering _get_cookie_csrf()
2025-05-20 15:12:52 -         Entering _load_cookie_curlCffi()
2025-05-20 15:12:52 - ('SELECT "t1"."strategy", "t1"."fetch_date", "t1"."cookie_bytes" FROM "_cookieschema" AS "t1" WHERE ("t1"."strategy" = ?) LIMIT ? OFFSET ?', ['curlCffi', 1, 0])
2025-05-20 15:12:52 -         Exiting _load_cookie_curlCffi()
2025-05-20 15:12:52 - reusing persistent cookie
2025-05-20 15:12:52 -        Exiting _get_cookie_csrf()
2025-05-20 15:12:52 - crumb = '/JAcz600C2C'
2025-05-20 15:12:52 -       Exiting _get_crumb_csrf()
2025-05-20 15:12:52 -      Exiting _get_cookie_and_crumb()
2025-05-20 15:12:52 - response code=422
2025-05-20 15:12:52 -     Exiting _make_request()
2025-05-20 15:12:52 -    Exiting get()
2025-05-20 15:12:52 - 
1 Failed download:
2025-05-20 15:12:52 - ['GC=F']: YFPricesMissingError('possibly delisted; no price data found  (period=1mo) (Yahoo error = "1m data not available for startTime=1745055776 and endTime=1747734176. Only 8 days worth of 1m granularity data are allowed to be fetched per request.")')
2025-05-20 15:12:52 - ['GC=F']: Traceback (most recent call last):
  File "c:\learn_summer\.venv\Lib\site-packages\yfinance\multi.py", line 280, in _download_one
    data = Ticker(ticker).history(
           ^^^^^^^^^^^^^^^^^^^^^^^
  File "c:\learn_summer\.venv\Lib\site-packages\yfinance\utils.py", line 99, in wrapper
    result = func(*args, **kwargs)
             ^^^^^^^^^^^^^^^^^^^^^
  File "c:\learn_summer\.venv\Lib\site-packages\yfinance\base.py", line 96, in history
    return self._lazy_load_price_history().history(*args, **kwargs)
           ^^^^^^^^^^^^^^^^^^^^^^^^^^^^^^^^^^^^^^^^^^^^^^^^^^^^^^^^
  File "c:\learn_summer\.venv\Lib\site-packages\yfinance\utils.py", line 99, in wrapper
    result = func(*args, **kwargs)
             ^^^^^^^^^^^^^^^^^^^^^
  File "c:\learn_summer\.venv\Lib\site-packages\yfinance\scrapers\history.py", line 248, in history
    raise _exception
yfinance.exceptions.YFPricesMissingError: possibly delisted; no price data found  (period=1mo) (Yahoo error = "1m data not available for startTime=1745055776 and endTime=1747734176. Only 8 days worth of 1m granularity data are allowed to be fetched per request.")

2025-05-20 15:12:52 - Exiting download()
2025-05-20 15:12:52 - Attempt 1/5 for GC=F: Empty historical data
2025-05-20 15:13:07 - Entering download()
2025-05-20 15:13:07 - Disabling multithreading because DEBUG logging enabled
2025-05-20 15:13:07 -  Entering history()
2025-05-20 15:13:07 - ('SELECT "t1"."key", "t1"."value" FROM "_kv" AS "t1" WHERE ("t1"."key" = ?) LIMIT ? OFFSET ?', ['GC=F', 1, 0])
2025-05-20 15:13:07 -   Entering history()
2025-05-20 15:13:07 - GC=F: Yahoo GET parameters: {'range': '1mo', 'interval': '1m', 'includePrePost': False, 'events': 'div,splits,capitalGains'}
2025-05-20 15:13:07 -    Entering get()
2025-05-20 15:13:07 -     Entering _make_request()
2025-05-20 15:13:07 - url=https://query2.finance.yahoo.com/v8/finance/chart/GC=F
2025-05-20 15:13:07 - params={'range': '1mo', 'interval': '1m', 'includePrePost': False, 'events': 'div,splits,capitalGains'}
2025-05-20 15:13:07 -      Entering _get_cookie_and_crumb()
2025-05-20 15:13:07 - cookie_mode = 'csrf'
2025-05-20 15:13:07 -       Entering _get_crumb_csrf()
2025-05-20 15:13:07 - reusing crumb
2025-05-20 15:13:07 -       Exiting _get_crumb_csrf()
2025-05-20 15:13:07 -      Exiting _get_cookie_and_crumb()
2025-05-20 15:13:07 - response code=422
2025-05-20 15:13:07 - toggling cookie strategy csrf -> basic
2025-05-20 15:13:07 -      Entering _get_cookie_and_crumb()
2025-05-20 15:13:07 - cookie_mode = 'basic'
2025-05-20 15:13:07 -       Entering _get_cookie_and_crumb_basic()
2025-05-20 15:13:07 -        Entering _get_cookie_basic()
2025-05-20 15:13:07 -         Entering _load_cookie_curlCffi()
2025-05-20 15:13:07 - ('SELECT "t1"."strategy", "t1"."fetch_date", "t1"."cookie_bytes" FROM "_cookieschema" AS "t1" WHERE ("t1"."strategy" = ?) LIMIT ? OFFSET ?', ['curlCffi', 1, 0])
2025-05-20 15:13:07 -         Exiting _load_cookie_curlCffi()
2025-05-20 15:13:07 - reusing persistent cookie
2025-05-20 15:13:07 -        Exiting _get_cookie_basic()
2025-05-20 15:13:07 -        Entering _get_crumb_basic()
2025-05-20 15:13:07 -         Entering _get_cookie_basic()
2025-05-20 15:13:07 - reusing cookie
2025-05-20 15:13:07 -         Exiting _get_cookie_basic()
2025-05-20 15:13:07 - crumb = '/JAcz600C2C'
2025-05-20 15:13:07 -        Exiting _get_crumb_basic()
2025-05-20 15:13:07 -       Exiting _get_cookie_and_crumb_basic()
2025-05-20 15:13:07 -      Exiting _get_cookie_and_crumb()
2025-05-20 15:13:07 - response code=422
2025-05-20 15:13:07 -     Exiting _make_request()
2025-05-20 15:13:07 -    Exiting get()
2025-05-20 15:13:07 - 
1 Failed download:
2025-05-20 15:13:07 - ['GC=F']: YFPricesMissingError('possibly delisted; no price data found  (period=1mo) (Yahoo error = "1m data not available for startTime=1745055791 and endTime=1747734191. Only 8 days worth of 1m granularity data are allowed to be fetched per request.")')
2025-05-20 15:13:07 - ['GC=F']: Traceback (most recent call last):
  File "c:\learn_summer\.venv\Lib\site-packages\yfinance\multi.py", line 280, in _download_one
    data = Ticker(ticker).history(
           ^^^^^^^^^^^^^^^^^^^^^^^
  File "c:\learn_summer\.venv\Lib\site-packages\yfinance\utils.py", line 99, in wrapper
    result = func(*args, **kwargs)
             ^^^^^^^^^^^^^^^^^^^^^
  File "c:\learn_summer\.venv\Lib\site-packages\yfinance\base.py", line 96, in history
    return self._lazy_load_price_history().history(*args, **kwargs)
           ^^^^^^^^^^^^^^^^^^^^^^^^^^^^^^^^^^^^^^^^^^^^^^^^^^^^^^^^
  File "c:\learn_summer\.venv\Lib\site-packages\yfinance\utils.py", line 99, in wrapper
    result = func(*args, **kwargs)
             ^^^^^^^^^^^^^^^^^^^^^
  File "c:\learn_summer\.venv\Lib\site-packages\yfinance\scrapers\history.py", line 248, in history
    raise _exception
yfinance.exceptions.YFPricesMissingError: possibly delisted; no price data found  (period=1mo) (Yahoo error = "1m data not available for startTime=1745055791 and endTime=1747734191. Only 8 days worth of 1m granularity data are allowed to be fetched per request.")

2025-05-20 15:13:07 - Exiting download()
2025-05-20 15:13:07 - Attempt 2/5 for GC=F: Empty historical data
2025-05-20 15:13:37 - Entering download()
2025-05-20 15:13:37 - Disabling multithreading because DEBUG logging enabled
2025-05-20 15:13:37 -  Entering history()
2025-05-20 15:13:37 - ('SELECT "t1"."key", "t1"."value" FROM "_kv" AS "t1" WHERE ("t1"."key" = ?) LIMIT ? OFFSET ?', ['GC=F', 1, 0])
2025-05-20 15:13:37 -   Entering history()
2025-05-20 15:13:37 - GC=F: Yahoo GET parameters: {'range': '1mo', 'interval': '1m', 'includePrePost': False, 'events': 'div,splits,capitalGains'}
2025-05-20 15:13:37 -    Entering get()
2025-05-20 15:13:37 -     Entering _make_request()
2025-05-20 15:13:37 - url=https://query2.finance.yahoo.com/v8/finance/chart/GC=F
2025-05-20 15:13:37 - params={'range': '1mo', 'interval': '1m', 'includePrePost': False, 'events': 'div,splits,capitalGains'}
2025-05-20 15:13:37 -      Entering _get_cookie_and_crumb()
2025-05-20 15:13:37 - cookie_mode = 'basic'
2025-05-20 15:13:37 -       Entering _get_cookie_and_crumb_basic()
2025-05-20 15:13:37 -        Entering _get_cookie_basic()
2025-05-20 15:13:37 - reusing cookie
2025-05-20 15:13:37 -        Exiting _get_cookie_basic()
2025-05-20 15:13:37 -        Entering _get_crumb_basic()
2025-05-20 15:13:37 - reusing crumb
2025-05-20 15:13:37 -        Exiting _get_crumb_basic()
2025-05-20 15:13:37 -       Exiting _get_cookie_and_crumb_basic()
2025-05-20 15:13:37 -      Exiting _get_cookie_and_crumb()
2025-05-20 15:13:37 - response code=422
2025-05-20 15:13:37 - toggling cookie strategy basic -> csrf
2025-05-20 15:13:37 -      Entering _get_cookie_and_crumb()
2025-05-20 15:13:37 - cookie_mode = 'csrf'
2025-05-20 15:13:37 -       Entering _get_crumb_csrf()
2025-05-20 15:13:37 -        Entering _get_cookie_csrf()
2025-05-20 15:13:37 -         Entering _load_cookie_curlCffi()
2025-05-20 15:13:37 - ('SELECT "t1"."strategy", "t1"."fetch_date", "t1"."cookie_bytes" FROM "_cookieschema" AS "t1" WHERE ("t1"."strategy" = ?) LIMIT ? OFFSET ?', ['curlCffi', 1, 0])
2025-05-20 15:13:37 -         Exiting _load_cookie_curlCffi()
2025-05-20 15:13:37 - reusing persistent cookie
2025-05-20 15:13:37 -        Exiting _get_cookie_csrf()
2025-05-20 15:13:37 - crumb = '/JAcz600C2C'
2025-05-20 15:13:37 -       Exiting _get_crumb_csrf()
2025-05-20 15:13:37 -      Exiting _get_cookie_and_crumb()
2025-05-20 15:13:38 - response code=422
2025-05-20 15:13:38 -     Exiting _make_request()
2025-05-20 15:13:38 -    Exiting get()
2025-05-20 15:13:38 - 
1 Failed download:
2025-05-20 15:13:38 - ['GC=F']: YFPricesMissingError('possibly delisted; no price data found  (period=1mo) (Yahoo error = "1m data not available for startTime=1745055822 and endTime=1747734222. Only 8 days worth of 1m granularity data are allowed to be fetched per request.")')
2025-05-20 15:13:38 - ['GC=F']: Traceback (most recent call last):
  File "c:\learn_summer\.venv\Lib\site-packages\yfinance\multi.py", line 280, in _download_one
    data = Ticker(ticker).history(
           ^^^^^^^^^^^^^^^^^^^^^^^
  File "c:\learn_summer\.venv\Lib\site-packages\yfinance\utils.py", line 99, in wrapper
    result = func(*args, **kwargs)
             ^^^^^^^^^^^^^^^^^^^^^
  File "c:\learn_summer\.venv\Lib\site-packages\yfinance\base.py", line 96, in history
    return self._lazy_load_price_history().history(*args, **kwargs)
           ^^^^^^^^^^^^^^^^^^^^^^^^^^^^^^^^^^^^^^^^^^^^^^^^^^^^^^^^
  File "c:\learn_summer\.venv\Lib\site-packages\yfinance\utils.py", line 99, in wrapper
    result = func(*args, **kwargs)
             ^^^^^^^^^^^^^^^^^^^^^
  File "c:\learn_summer\.venv\Lib\site-packages\yfinance\scrapers\history.py", line 248, in history
    raise _exception
yfinance.exceptions.YFPricesMissingError: possibly delisted; no price data found  (period=1mo) (Yahoo error = "1m data not available for startTime=1745055822 and endTime=1747734222. Only 8 days worth of 1m granularity data are allowed to be fetched per request.")

2025-05-20 15:13:38 - Exiting download()
2025-05-20 15:13:38 - Attempt 3/5 for GC=F: Empty historical data
